<?xml version="1.0" encoding="UTF-8"?>
<!-- Generated by org.testng.reporters.JUnitXMLReporter -->
<testsuite ignored="4" hostname="DESKTOP-OLMG97I" failures="1" tests="7" name="Test" time="18.307" errors="0" timestamp="2023-06-30T16:45:47 IST">
  <testcase classname="testClass.HomeTest" name="validateTitle" time="0.085">
    <failure type="java.lang.AssertionError" message="expected [true] but found [false]">
      <![CDATA[java.lang.AssertionError: expected [true] but found [false]
at testClass.HomeTest.validateTitle(HomeTest.java:25)
at java.base/java.util.ArrayList.forEach(ArrayList.java:1511)
... Removed 32 stack frames]]>
    </failure>
  </testcase> <!-- validateTitle -->
  <testcase classname="testClass.HomeTest" name="navToSingleMalt" time="5.001"/>
  <testcase classname="testClass.ProductPTest" name="applyFilters" time="1.182"/>
  <testcase classname="testClass.ProductPTest" name="reset" time="4.055"/>
  <testcase classname="testClass.ProductPTest" name="sortingFilter" time="1.004"/>
  <testcase classname="testClass.ProductPTest" name="navToProduct" time="5.718"/>
  <testcase classname="testClass.ProductDetailsPageTest" name="selectProduct" time="0.248"/>
  <testcase classname="testClass.BaseTest" name="@BeforeSuite initBrowser" time="0.0">
    <ignored/>
  </testcase> <!-- @BeforeSuite initBrowser -->
  <testcase classname="testClass.BaseTest" name="@AfterSuite tearDown" time="0.0">
    <ignored/>
  </testcase> <!-- @AfterSuite tearDown -->
  <testcase classname="testClass.BaseTest" name="@BeforeSuite initBrowser" time="0.0">
    <ignored/>
  </testcase> <!-- @BeforeSuite initBrowser -->
  <testcase classname="testClass.BaseTest" name="@AfterSuite tearDown" time="0.0">
    <ignored/>
  </testcase> <!-- @AfterSuite tearDown -->
</testsuite> <!-- Test -->
