<?xml version="1.0" encoding="UTF-8"?>
<testng-results ignored="4" total="11" passed="6" failed="1" skipped="0">
  <reporter-output>
  </reporter-output>
  <suite started-at="2023-06-30T16:45:28 IST" name="Suite" finished-at="2023-06-30T16:45:46 IST" duration-ms="18307">
    <groups>
    </groups>
    <test started-at="2023-06-30T16:45:28 IST" name="Test" finished-at="2023-06-30T16:45:46 IST" duration-ms="18307">
      <class name="testClass.HomeTest">
        <test-method is-config="true" signature="initBrowser()[pri:0, instance:testClass.HomeTest@2fb3536e]" started-at="2023-06-30T16:45:12 IST" name="initBrowser" finished-at="2023-06-30T16:45:28 IST" duration-ms="16286" status="PASS">
          <reporter-output>
          </reporter-output>
        </test-method> <!-- initBrowser -->
        <test-method is-config="true" signature="createObject()[pri:0, instance:testClass.HomeTest@2fb3536e]" started-at="2023-06-30T16:45:28 IST" name="createObject" finished-at="2023-06-30T16:45:28 IST" duration-ms="67" status="PASS">
          <reporter-output>
          </reporter-output>
        </test-method> <!-- createObject -->
        <test-method signature="validateTitle()[pri:1, instance:testClass.HomeTest@2fb3536e]" started-at="2023-06-30T16:45:28 IST" name="validateTitle" finished-at="2023-06-30T16:45:28 IST" duration-ms="85" status="FAIL">
          <exception class="java.lang.AssertionError">
            <message>
              <![CDATA[expected [true] but found [false]]]>
            </message>
            <full-stacktrace>
              <![CDATA[java.lang.AssertionError: expected [true] but found [false]
at org.testng.Assert.fail(Assert.java:110)
at org.testng.Assert.failNotEquals(Assert.java:1577)
at org.testng.Assert.assertEqualsImpl(Assert.java:149)
at org.testng.Assert.assertEquals(Assert.java:131)
at org.testng.Assert.assertEquals(Assert.java:1066)
at org.testng.Assert.assertEquals(Assert.java:1030)
at org.testng.Assert.assertEquals(Assert.java:1076)
at testClass.HomeTest.validateTitle(HomeTest.java:25)
at java.base/jdk.internal.reflect.DirectMethodHandleAccessor.invoke(DirectMethodHandleAccessor.java:104)
at java.base/java.lang.reflect.Method.invoke(Method.java:578)
at org.testng.internal.invokers.MethodInvocationHelper.invokeMethod(MethodInvocationHelper.java:139)
at org.testng.internal.invokers.TestInvoker.invokeMethod(TestInvoker.java:677)
at org.testng.internal.invokers.TestInvoker.invokeTestMethod(TestInvoker.java:221)
at org.testng.internal.invokers.MethodRunner.runInSequence(MethodRunner.java:50)
at org.testng.internal.invokers.TestInvoker$MethodInvocationAgent.invoke(TestInvoker.java:969)
at org.testng.internal.invokers.TestInvoker.invokeTestMethods(TestInvoker.java:194)
at org.testng.internal.invokers.TestMethodWorker.invokeTestMethods(TestMethodWorker.java:148)
at org.testng.internal.invokers.TestMethodWorker.run(TestMethodWorker.java:128)
at java.base/java.util.ArrayList.forEach(ArrayList.java:1511)
at org.testng.TestRunner.privateRun(TestRunner.java:829)
at org.testng.TestRunner.run(TestRunner.java:602)
at org.testng.SuiteRunner.runTest(SuiteRunner.java:437)
at org.testng.SuiteRunner.runSequentially(SuiteRunner.java:431)
at org.testng.SuiteRunner.privateRun(SuiteRunner.java:391)
at org.testng.SuiteRunner.run(SuiteRunner.java:330)
at org.testng.SuiteRunnerWorker.runSuite(SuiteRunnerWorker.java:52)
at org.testng.SuiteRunnerWorker.run(SuiteRunnerWorker.java:95)
at org.testng.TestNG.runSuitesSequentially(TestNG.java:1256)
at org.testng.TestNG.runSuitesLocally(TestNG.java:1176)
at org.testng.TestNG.runSuites(TestNG.java:1099)
at org.testng.TestNG.run(TestNG.java:1067)
at org.testng.remote.AbstractRemoteTestNG.run(AbstractRemoteTestNG.java:115)
at org.testng.remote.RemoteTestNG.initAndRun(RemoteTestNG.java:251)
at org.testng.remote.RemoteTestNG.main(RemoteTestNG.java:77)
]]>
            </full-stacktrace>
          </exception> <!-- java.lang.AssertionError -->
          <reporter-output>
          </reporter-output>
        </test-method> <!-- validateTitle -->
        <test-method signature="navToSingleMalt()[pri:2, instance:testClass.HomeTest@2fb3536e]" started-at="2023-06-30T16:45:29 IST" name="navToSingleMalt" finished-at="2023-06-30T16:45:34 IST" duration-ms="5001" status="PASS">
          <reporter-output>
          </reporter-output>
        </test-method> <!-- navToSingleMalt -->
        <test-method is-config="true" signature="tearDown()[pri:0, instance:testClass.HomeTest@2fb3536e]" started-at="2023-06-30T16:45:47 IST" name="tearDown" finished-at="2023-06-30T16:45:50 IST" duration-ms="2758" status="PASS">
          <reporter-output>
          </reporter-output>
        </test-method> <!-- tearDown -->
      </class> <!-- testClass.HomeTest -->
      <class name="testClass.ProductDetailsPageTest">
        <test-method is-config="true" signature="createObject()[pri:0, instance:testClass.ProductDetailsPageTest@1a18644]" started-at="2023-06-30T16:45:46 IST" name="createObject" finished-at="2023-06-30T16:45:46 IST" duration-ms="11" status="PASS">
          <reporter-output>
          </reporter-output>
        </test-method> <!-- createObject -->
        <test-method signature="selectProduct()[pri:7, instance:testClass.ProductDetailsPageTest@1a18644]" started-at="2023-06-30T16:45:46 IST" name="selectProduct" finished-at="2023-06-30T16:45:46 IST" duration-ms="248" status="PASS">
          <reporter-output>
          </reporter-output>
        </test-method> <!-- selectProduct -->
      </class> <!-- testClass.ProductDetailsPageTest -->
      <class name="testClass.ProductPTest">
        <test-method is-config="true" signature="createObject()[pri:0, instance:testClass.ProductPTest@48f278eb]" started-at="2023-06-30T16:45:34 IST" name="createObject" finished-at="2023-06-30T16:45:34 IST" duration-ms="2" status="PASS">
          <reporter-output>
          </reporter-output>
        </test-method> <!-- createObject -->
        <test-method signature="applyFilters()[pri:3, instance:testClass.ProductPTest@48f278eb]" started-at="2023-06-30T16:45:34 IST" name="applyFilters" finished-at="2023-06-30T16:45:35 IST" duration-ms="1182" status="PASS">
          <reporter-output>
          </reporter-output>
        </test-method> <!-- applyFilters -->
        <test-method signature="reset()[pri:4, instance:testClass.ProductPTest@48f278eb]" started-at="2023-06-30T16:45:35 IST" name="reset" finished-at="2023-06-30T16:45:39 IST" duration-ms="4055" status="PASS">
          <reporter-output>
          </reporter-output>
        </test-method> <!-- reset -->
        <test-method signature="sortingFilter()[pri:5, instance:testClass.ProductPTest@48f278eb]" started-at="2023-06-30T16:45:39 IST" name="sortingFilter" finished-at="2023-06-30T16:45:40 IST" duration-ms="1004" status="PASS">
          <reporter-output>
          </reporter-output>
        </test-method> <!-- sortingFilter -->
        <test-method signature="navToProduct()[pri:6, instance:testClass.ProductPTest@48f278eb]" started-at="2023-06-30T16:45:40 IST" name="navToProduct" finished-at="2023-06-30T16:45:46 IST" duration-ms="5718" status="PASS">
          <reporter-output>
          </reporter-output>
        </test-method> <!-- navToProduct -->
      </class> <!-- testClass.ProductPTest -->
    </test> <!-- Test -->
  </suite> <!-- Suite -->
</testng-results>
